c:\users\suzhixiang\source\repos\qtguiapplication3\qtguiapplication3\debug\moc_qtguiapplication3.obj
c:\users\suzhixiang\source\repos\qtguiapplication3\qtguiapplication3\debug\qtguiapplication3.obj
c:\users\suzhixiang\source\repos\qtguiapplication3\qtguiapplication3\debug\main.obj
c:\users\suzhixiang\source\repos\qtguiapplication3\qtguiapplication3\debug\lu.obj
c:\users\suzhixiang\source\repos\qtguiapplication3\qtguiapplication3\debug\qrc_qtguiapplication3.obj
c:\users\suzhixiang\source\repos\qtguiapplication3\qtguiapplication3\debug\vc141.pdb
c:\users\suzhixiang\source\repos\qtguiapplication3\win32\debug\qtguiapplication3.exe
c:\users\suzhixiang\source\repos\qtguiapplication3\win32\debug\qtguiapplication3.ilk
c:\users\suzhixiang\source\repos\qtguiapplication3\win32\debug\qtguiapplication3.pdb
c:\users\suzhixiang\source\repos\qtguiapplication3\qtguiapplication3\generatedfiles\debug\moc_qtguiapplication3.cpp
c:\users\suzhixiang\source\repos\qtguiapplication3\qtguiapplication3\generatedfiles\qrc_qtguiapplication3.cpp
c:\users\suzhixiang\source\repos\qtguiapplication3\qtguiapplication3\generatedfiles\ui_qtguiapplication3.h
c:\users\suzhixiang\source\repos\qtguiapplication3\qtguiapplication3\generatedfiles\debug\moc_lu.cpp
c:\users\suzhixiang\source\repos\qtguiapplication3\qtguiapplication3\debug\qtguiapp.b12702ad.tlog\cl.command.1.tlog
c:\users\suzhixiang\source\repos\qtguiapplication3\qtguiapplication3\debug\qtguiapp.b12702ad.tlog\cl.read.1.tlog
c:\users\suzhixiang\source\repos\qtguiapplication3\qtguiapplication3\debug\qtguiapp.b12702ad.tlog\cl.write.1.tlog
c:\users\suzhixiang\source\repos\qtguiapplication3\qtguiapplication3\debug\qtguiapp.b12702ad.tlog\link.command.1.tlog
c:\users\suzhixiang\source\repos\qtguiapplication3\qtguiapplication3\debug\qtguiapp.b12702ad.tlog\link.read.1.tlog
c:\users\suzhixiang\source\repos\qtguiapplication3\qtguiapplication3\debug\qtguiapp.b12702ad.tlog\link.write.1.tlog
c:\users\suzhixiang\source\repos\qtguiapplication3\qtguiapplication3\debug\qtguiapp.b12702ad.tlog\qtguiapplication3.write.1u.tlog
